Determining if the pthread_create exist failed with the following output:
Change Dir: /mnt/c/inetpub_nlp/wwwroot/LN_home/SDK/catkin_ws/build/CMakeFiles/CMakeTmp

Run Build Command:"/usr/bin/make" "cmTC_e3c26/fast"
/usr/bin/make -f CMakeFiles/cmTC_e3c26.dir/build.make CMakeFiles/cmTC_e3c26.dir/build
make[1]: Entering directory '/mnt/c/inetpub_nlp/wwwroot/LN_home/SDK/catkin_ws/build/CMakeFiles/CMakeTmp'
Building C object CMakeFiles/cmTC_e3c26.dir/CheckSymbolExists.c.o
/usr/bin/cc    -o CMakeFiles/cmTC_e3c26.dir/CheckSymbolExists.c.o   -c /mnt/c/inetpub_nlp/wwwroot/LN_home/SDK/catkin_ws/build/CMakeFiles/CMakeTmp/CheckSymbolExists.c
Linking C executable cmTC_e3c26
/usr/bin/cmake -E cmake_link_script CMakeFiles/cmTC_e3c26.dir/link.txt --verbose=1
/usr/bin/cc      -rdynamic CMakeFiles/cmTC_e3c26.dir/CheckSymbolExists.c.o  -o cmTC_e3c26 
CMakeFiles/cmTC_e3c26.dir/CheckSymbolExists.c.o: In function `main':
CheckSymbolExists.c:(.text+0x1b): undefined reference to `pthread_create'
collect2: error: ld returned 1 exit status
CMakeFiles/cmTC_e3c26.dir/build.make:97: recipe for target 'cmTC_e3c26' failed
make[1]: *** [cmTC_e3c26] Error 1
make[1]: Leaving directory '/mnt/c/inetpub_nlp/wwwroot/LN_home/SDK/catkin_ws/build/CMakeFiles/CMakeTmp'
Makefile:126: recipe for target 'cmTC_e3c26/fast' failed
make: *** [cmTC_e3c26/fast] Error 2

File /mnt/c/inetpub_nlp/wwwroot/LN_home/SDK/catkin_ws/build/CMakeFiles/CMakeTmp/CheckSymbolExists.c:
/* */
#include <pthread.h>

int main(int argc, char** argv)
{
  (void)argv;
#ifndef pthread_create
  return ((int*)(&pthread_create))[argc];
#else
  (void)argc;
  return 0;
#endif
}

Determining if the function pthread_create exists in the pthreads failed with the following output:
Change Dir: /mnt/c/inetpub_nlp/wwwroot/LN_home/SDK/catkin_ws/build/CMakeFiles/CMakeTmp

Run Build Command:"/usr/bin/make" "cmTC_aaa0d/fast"
/usr/bin/make -f CMakeFiles/cmTC_aaa0d.dir/build.make CMakeFiles/cmTC_aaa0d.dir/build
make[1]: Entering directory '/mnt/c/inetpub_nlp/wwwroot/LN_home/SDK/catkin_ws/build/CMakeFiles/CMakeTmp'
Building C object CMakeFiles/cmTC_aaa0d.dir/CheckFunctionExists.c.o
/usr/bin/cc   -DCHECK_FUNCTION_EXISTS=pthread_create   -o CMakeFiles/cmTC_aaa0d.dir/CheckFunctionExists.c.o   -c /usr/share/cmake-3.10/Modules/CheckFunctionExists.c
Linking C executable cmTC_aaa0d
/usr/bin/cmake -E cmake_link_script CMakeFiles/cmTC_aaa0d.dir/link.txt --verbose=1
/usr/bin/cc  -DCHECK_FUNCTION_EXISTS=pthread_create    -rdynamic CMakeFiles/cmTC_aaa0d.dir/CheckFunctionExists.c.o  -o cmTC_aaa0d -lpthreads 
/usr/bin/ld: cannot find -lpthreads
collect2: error: ld returned 1 exit status
CMakeFiles/cmTC_aaa0d.dir/build.make:97: recipe for target 'cmTC_aaa0d' failed
make[1]: *** [cmTC_aaa0d] Error 1
make[1]: Leaving directory '/mnt/c/inetpub_nlp/wwwroot/LN_home/SDK/catkin_ws/build/CMakeFiles/CMakeTmp'
Makefile:126: recipe for target 'cmTC_aaa0d/fast' failed
make: *** [cmTC_aaa0d/fast] Error 2


